#
# There is insufficient memory for the Java Runtime Environment to continue.
# Native memory allocation (malloc) failed to allocate 1460496 bytes for Chunk::new
# Possible reasons:
#   The system is out of physical RAM or swap space
#   The process is running with CompressedOops enabled, and the Java Heap may be blocking the growth of the native heap
# Possible solutions:
#   Reduce memory load on the system
#   Increase physical memory or swap space
#   Check if swap backing store is full
#   Decrease Java heap size (-Xmx/-Xms)
#   Decrease number of Java threads
#   Decrease Java thread stack sizes (-Xss)
#   Set larger code cache with -XX:ReservedCodeCacheSize=
#   JVM is running with Unscaled Compressed Oops mode in which the Java heap is
#     placed in the first 4GB address space. The Java Heap base address is the
#     maximum limit for the native heap growth. Please use -XX:HeapBaseMinAddress
#     to set the Java Heap base and to place the Java Heap above 4GB virtual address.
# This output file may be truncated or incomplete.
#
#  Out of Memory Error (allocation.cpp:389), pid=19812, tid=0x0000000000003dd0
#
# JRE version: OpenJDK Runtime Environment (8.0_242-b01) (build 1.8.0_242-release-1644-b01)
# Java VM: OpenJDK 64-Bit Server VM (25.242-b01 mixed mode windows-amd64 compressed oops)
# Failed to write core dump. Minidumps are not enabled by default on client versions of Windows
#

---------------  T H R E A D  ---------------

Current thread (0x000000001855e000):  JavaThread "C2 CompilerThread2" daemon [_thread_in_native, id=15824, stack(0x000000001b480000,0x000000001b580000)]

Stack: [0x000000001b480000,0x000000001b580000]
[error occurred during error reporting (printing stack bounds), id 0xc0000005]

Native frames: (J=compiled Java code, j=interpreted, Vv=VM code, C=native code)


Current CompileTask:
C2:39675895 37750       4       com.android.tools.r8.ir.regalloc.a::i (610 bytes)


---------------  P R O C E S S  ---------------

Java Threads: ( => current thread )
  0x000000001caa6000 JavaThread "ForkJoinPool-38-worker-12" daemon [_thread_blocked, id=2988, stack(0x000000003c820000,0x000000003c920000)]
  0x000000001ca9e800 JavaThread "ForkJoinPool-38-worker-3" daemon [_thread_blocked, id=16928, stack(0x000000003b2d0000,0x000000003b3d0000)]
  0x000000001caa4000 JavaThread "ForkJoinPool-38-worker-10" daemon [_thread_blocked, id=20896, stack(0x000000003b1d0000,0x000000003b2d0000)]
  0x000000001caa1000 JavaThread "ForkJoinPool-38-worker-1" daemon [_thread_blocked, id=14164, stack(0x000000003b0d0000,0x000000003b1d0000)]
  0x000000001caa5800 JavaThread "ForkJoinPool-38-worker-8" daemon [_thread_blocked, id=19748, stack(0x000000003afd0000,0x000000003b0d0000)]
  0x000000001caa2800 JavaThread "ForkJoinPool-38-worker-15" daemon [_thread_blocked, id=14196, stack(0x000000003aed0000,0x000000003afd0000)]
  0x000000001caa4800 JavaThread "ForkJoinPool-38-worker-6" daemon [_thread_blocked, id=18176, stack(0x000000003add0000,0x000000003aed0000)]
  0x000000001caa1800 JavaThread "ForkJoinPool-38-worker-13" daemon [_thread_blocked, id=16400, stack(0x000000003acd0000,0x000000003add0000)]
  0x000000001caa0000 JavaThread "ForkJoinPool-38-worker-4" daemon [_thread_blocked, id=18208, stack(0x000000003a1a0000,0x000000003a2a0000)]
  0x000000001ca9b800 JavaThread "ForkJoinPool-38-worker-11" daemon [_thread_blocked, id=4132, stack(0x00000000357d0000,0x00000000358d0000)]
  0x000000001ca98800 JavaThread "ForkJoinPool-38-worker-2" daemon [_thread_blocked, id=17596, stack(0x0000000035500000,0x0000000035600000)]
  0x000000001ca9e000 JavaThread "ForkJoinPool-38-worker-9" daemon [_thread_blocked, id=18816, stack(0x0000000032ce0000,0x0000000032de0000)]
  0x0000000020b7c800 JavaThread "WorkerExecutor Queue Thread 12" [_thread_blocked, id=1868, stack(0x00000000397a0000,0x00000000398a0000)]
  0x0000000020b7e000 JavaThread "WorkerExecutor Queue Thread 11" [_thread_blocked, id=18828, stack(0x00000000396a0000,0x00000000397a0000)]
  0x0000000020b78800 JavaThread "WorkerExecutor Queue Thread 10" [_thread_blocked, id=15080, stack(0x00000000395a0000,0x00000000396a0000)]
  0x0000000020b70800 JavaThread "WorkerExecutor Queue Thread 9" [_thread_blocked, id=11288, stack(0x00000000394a0000,0x00000000395a0000)]
  0x0000000020b76800 JavaThread "WorkerExecutor Queue Thread 8" [_thread_blocked, id=1288, stack(0x0000000037d30000,0x0000000037e30000)]
  0x0000000020b75800 JavaThread "WorkerExecutor Queue Thread 7" [_thread_blocked, id=14184, stack(0x00000000363b0000,0x00000000364b0000)]
  0x0000000020b75000 JavaThread "WorkerExecutor Queue Thread 6" [_thread_blocked, id=17936, stack(0x0000000036080000,0x0000000036180000)]
  0x0000000020b74000 JavaThread "WorkerExecutor Queue Thread 5" [_thread_blocked, id=15916, stack(0x0000000035b80000,0x0000000035c80000)]
  0x0000000020b73800 JavaThread "WorkerExecutor Queue Thread 4" [_thread_blocked, id=9528, stack(0x0000000033e70000,0x0000000033f70000)]
  0x0000000020b72000 JavaThread "WorkerExecutor Queue Thread 3" [_thread_blocked, id=16008, stack(0x0000000032e50000,0x0000000032f50000)]
  0x00000000271d6800 JavaThread "Cache worker for Java compile cache (F:\MyApplication\CourseProject-backup2\.gradle\6.5\javaCompile)" [_thread_blocked, id=5196, stack(0x0000000032be0000,0x0000000032ce0000)]
  0x00000000271d5800 JavaThread "stdout" [_thread_in_native, id=19676, stack(0x0000000032ae0000,0x0000000032be0000)]
  0x00000000271d1000 JavaThread "stderr" [_thread_in_native, id=13088, stack(0x0000000032870000,0x0000000032970000)]
  0x00000000271d7000 JavaThread "pool-81-thread-1" [_thread_blocked, id=14712, stack(0x0000000032770000,0x0000000032870000)]
  0x00000000271d5000 JavaThread "WorkerExecutor Queue Thread 2" [_thread_in_Java, id=19464, stack(0x0000000032670000,0x0000000032770000)]
  0x00000000271d4000 JavaThread "WorkerExecutor Queue" [_thread_blocked, id=12608, stack(0x0000000032570000,0x0000000032670000)]
  0x00000000271d3800 JavaThread "Cache worker for execution history cache (F:\MyApplication\CourseProject-backup2\.gradle\6.5\executionHistory)" [_thread_blocked, id=17540, stack(0x0000000032470000,0x0000000032570000)]
  0x00000000271d8000 JavaThread "Execution worker for ':' Thread 11" [_thread_blocked, id=20880, stack(0x0000000032370000,0x0000000032470000)]
  0x00000000271d2800 JavaThread "Execution worker for ':' Thread 10" [_thread_blocked, id=400, stack(0x0000000032070000,0x0000000032170000)]
  0x00000000271c9800 JavaThread "Execution worker for ':' Thread 9" [_thread_blocked, id=8864, stack(0x0000000031f70000,0x0000000032070000)]
  0x00000000271d0800 JavaThread "Execution worker for ':' Thread 8" [_thread_blocked, id=4900, stack(0x0000000031e70000,0x0000000031f70000)]
  0x00000000271cf800 JavaThread "Execution worker for ':' Thread 7" [_thread_blocked, id=15192, stack(0x0000000031970000,0x0000000031a70000)]
  0x00000000271cc800 JavaThread "Execution worker for ':' Thread 6" [_thread_blocked, id=14236, stack(0x0000000031870000,0x0000000031970000)]
  0x00000000271cc000 JavaThread "Execution worker for ':' Thread 5" [_thread_blocked, id=15872, stack(0x0000000031770000,0x0000000031870000)]
  0x00000000271cf000 JavaThread "Execution worker for ':' Thread 4" [_thread_blocked, id=15224, stack(0x0000000031670000,0x0000000031770000)]
  0x00000000271ce000 JavaThread "Execution worker for ':' Thread 3" [_thread_blocked, id=2944, stack(0x0000000031570000,0x0000000031670000)]
  0x000000002086f000 JavaThread "Execution worker for ':' Thread 2" [_thread_blocked, id=11108, stack(0x0000000031470000,0x0000000031570000)]
  0x000000002086e000 JavaThread "Execution worker for ':'" [_thread_blocked, id=20196, stack(0x0000000031370000,0x0000000031470000)]
  0x0000000020868000 JavaThread "Cache worker for file content cache (F:\MyApplication\CourseProject-backup2\.gradle\6.5\fileContent)" [_thread_blocked, id=19084, stack(0x0000000031270000,0x0000000031370000)]
  0x000000002086b000 JavaThread "Cache worker for Build Output Cleanup Cache (F:\MyApplication\CourseProject-backup2\.gradle\buildOutputCleanup)" [_thread_blocked, id=16320, stack(0x0000000030540000,0x0000000030640000)]
  0x0000000020866800 JavaThread "jar transforms Thread 3404" [_thread_blocked, id=12356, stack(0x000000002f040000,0x000000002f140000)]
  0x0000000020867800 JavaThread "jar transforms Thread 3403" [_thread_blocked, id=11992, stack(0x000000002e660000,0x000000002e760000)]
  0x000000002086a800 JavaThread "jar transforms Thread 3402" [_thread_blocked, id=20448, stack(0x000000002cf60000,0x000000002d060000)]
  0x000000002086d800 JavaThread "jar transforms Thread 3401" [_thread_blocked, id=16960, stack(0x000000002ce60000,0x000000002cf60000)]
  0x0000000020869000 JavaThread "jar transforms Thread 3400" [_thread_blocked, id=13836, stack(0x000000002cd60000,0x000000002ce60000)]
  0x000000002086c800 JavaThread "jar transforms Thread 3399" [_thread_blocked, id=2604, stack(0x000000002cc60000,0x000000002cd60000)]
  0x000000002086c000 JavaThread "jar transforms Thread 3398" [_thread_blocked, id=7708, stack(0x000000002cb60000,0x000000002cc60000)]
  0x0000000020869800 JavaThread "jar transforms Thread 3397" [_thread_blocked, id=2580, stack(0x000000002ca60000,0x000000002cb60000)]
  0x0000000020860800 JavaThread "jar transforms Thread 3396" [_thread_blocked, id=1572, stack(0x000000002c960000,0x000000002ca60000)]
  0x0000000020863800 JavaThread "jar transforms Thread 3395" [_thread_blocked, id=16208, stack(0x000000002c860000,0x000000002c960000)]
  0x0000000020865000 JavaThread "jar transforms Thread 3394" [_thread_blocked, id=20372, stack(0x000000002c760000,0x000000002c860000)]
  0x0000000020861800 JavaThread "jar transforms Thread 3393" [_thread_blocked, id=18124, stack(0x000000002c660000,0x000000002c760000)]
  0x0000000020866000 JavaThread "jar transforms Thread 3392" [_thread_blocked, id=16220, stack(0x000000002c560000,0x000000002c660000)]
  0x0000000020864800 JavaThread "jar transforms Thread 3391" [_thread_blocked, id=14320, stack(0x000000002c460000,0x000000002c560000)]
  0x0000000020863000 JavaThread "jar transforms Thread 3390" [_thread_blocked, id=21004, stack(0x000000002c360000,0x000000002c460000)]
  0x0000000020862000 JavaThread "jar transforms Thread 3389" [_thread_blocked, id=12240, stack(0x000000002c260000,0x000000002c360000)]
  0x0000000026ddf800 JavaThread "jar transforms Thread 3388" [_thread_blocked, id=16488, stack(0x000000002c160000,0x000000002c260000)]
  0x0000000026dde000 JavaThread "jar transforms Thread 3387" [_thread_blocked, id=10096, stack(0x000000002c060000,0x000000002c160000)]
  0x0000000026dde800 JavaThread "jar transforms Thread 3386" [_thread_blocked, id=19652, stack(0x000000002bf60000,0x000000002c060000)]
  0x0000000026ddd000 JavaThread "jar transforms Thread 3385" [_thread_blocked, id=15724, stack(0x000000002be60000,0x000000002bf60000)]
  0x0000000026ddc800 JavaThread "jar transforms Thread 3384" [_thread_blocked, id=18364, stack(0x000000002bd60000,0x000000002be60000)]
  0x0000000026dd5000 JavaThread "jar transforms Thread 3383" [_thread_blocked, id=7940, stack(0x000000002bc60000,0x000000002bd60000)]
  0x0000000026ddb800 JavaThread "jar transforms Thread 3382" [_thread_blocked, id=3880, stack(0x000000002bb60000,0x000000002bc60000)]
  0x0000000026ddb000 JavaThread "jar transforms Thread 3381" [_thread_blocked, id=8120, stack(0x000000002ba60000,0x000000002bb60000)]
  0x0000000026dda000 JavaThread "jar transforms Thread 3380" [_thread_blocked, id=19612, stack(0x000000002b960000,0x000000002ba60000)]
  0x0000000026dd2800 JavaThread "jar transforms Thread 3379" [_thread_blocked, id=9260, stack(0x000000002b860000,0x000000002b960000)]
  0x0000000026dd9800 JavaThread "jar transforms Thread 3378" [_thread_blocked, id=14716, stack(0x000000002b760000,0x000000002b860000)]
  0x0000000026dd2000 JavaThread "jar transforms Thread 3377" [_thread_blocked, id=14388, stack(0x000000002b660000,0x000000002b760000)]
  0x0000000026dd4000 JavaThread "jar transforms Thread 3376" [_thread_blocked, id=3212, stack(0x000000002b560000,0x000000002b660000)]
  0x0000000026dd3800 JavaThread "jar transforms Thread 3375" [_thread_blocked, id=20692, stack(0x000000002b460000,0x000000002b560000)]
  0x0000000026dd8000 JavaThread "jar transforms Thread 3374" [_thread_blocked, id=6496, stack(0x000000002b360000,0x000000002b460000)]
  0x0000000026dd7000 JavaThread "jar transforms Thread 3373" [_thread_blocked, id=10652, stack(0x000000002b260000,0x000000002b360000)]
  0x0000000026dd8800 JavaThread "jar transforms Thread 3372" [_thread_blocked, id=13276, stack(0x000000002b160000,0x000000002b260000)]
  0x0000000026dd5800 JavaThread "jar transforms Thread 3371" [_thread_blocked, id=19304, stack(0x000000002b060000,0x000000002b160000)]
  0x0000000026dd6800 JavaThread "jar transforms Thread 3370" [_thread_blocked, id=19492, stack(0x000000002af60000,0x000000002b060000)]
  0x0000000026dca800 JavaThread "jar transforms Thread 3369" [_thread_blocked, id=20344, stack(0x000000002ae60000,0x000000002af60000)]
  0x0000000026dd1000 JavaThread "jar transforms Thread 3368" [_thread_blocked, id=19176, stack(0x000000002ad60000,0x000000002ae60000)]
  0x0000000026dd0800 JavaThread "jar transforms Thread 3367" [_thread_blocked, id=17172, stack(0x000000002ac60000,0x000000002ad60000)]
  0x0000000026dcf800 JavaThread "jar transforms Thread 3366" [_thread_blocked, id=19524, stack(0x000000002ab60000,0x000000002ac60000)]
  0x0000000026dcc000 JavaThread "jar transforms Thread 3365" [_thread_blocked, id=15548, stack(0x000000002aa60000,0x000000002ab60000)]
  0x0000000026dcf000 JavaThread "jar transforms Thread 3364" [_thread_blocked, id=19564, stack(0x000000002a960000,0x000000002aa60000)]
  0x0000000026dcd800 JavaThread "jar transforms Thread 3363" [_thread_blocked, id=7016, stack(0x000000002a860000,0x000000002a960000)]
  0x0000000026dce000 JavaThread "jar transforms Thread 3362" [_thread_blocked, id=384, stack(0x000000002a760000,0x000000002a860000)]
  0x0000000026dc9800 JavaThread "jar transforms Thread 3361" [_thread_blocked, id=12684, stack(0x000000002a660000,0x000000002a760000)]
  0x0000000026dcc800 JavaThread "jar transforms Thread 3360" [_thread_blocked, id=9316, stack(0x000000002a560000,0x000000002a660000)]
  0x0000000026dc4800 JavaThread "jar transforms Thread 3359" [_thread_blocked, id=16672, stack(0x000000002a460000,0x000000002a560000)]
  0x0000000026dcb000 JavaThread "jar transforms Thread 3358" [_thread_blocked, id=10384, stack(0x000000002a360000,0x000000002a460000)]
  0x0000000026dc2000 JavaThread "jar transforms Thread 3357" [_thread_blocked, id=15104, stack(0x000000002a260000,0x000000002a360000)]
  0x0000000026dc6000 JavaThread "jar transforms Thread 3356" [_thread_blocked, id=9140, stack(0x000000002a160000,0x000000002a260000)]
  0x0000000026dc3000 JavaThread "jar transforms Thread 3355" [_thread_blocked, id=14748, stack(0x000000002a060000,0x000000002a160000)]
  0x0000000026dc9000 JavaThread "jar transforms Thread 3354" [_thread_blocked, id=18712, stack(0x0000000029f60000,0x000000002a060000)]
  0x0000000026dc6800 JavaThread "jar transforms Thread 3353" [_thread_blocked, id=724, stack(0x0000000029e60000,0x0000000029f60000)]
  0x0000000026dc8000 JavaThread "jar transforms Thread 3352" [_thread_blocked, id=10860, stack(0x0000000029d60000,0x0000000029e60000)]
  0x0000000026dc5000 JavaThread "jar transforms Thread 3351" [_thread_blocked, id=15400, stack(0x0000000029c60000,0x0000000029d60000)]
  0x0000000026dc0800 JavaThread "jar transforms Thread 3350" [_thread_blocked, id=15384, stack(0x0000000029b60000,0x0000000029c60000)]
  0x0000000026dc3800 JavaThread "jar transforms Thread 3349" [_thread_blocked, id=20224, stack(0x0000000029a60000,0x0000000029b60000)]
  0x000000002f58f000 JavaThread "jar transforms Thread 3348" [_thread_blocked, id=17068, stack(0x0000000029960000,0x0000000029a60000)]
  0x000000002f58e800 JavaThread "jar transforms Thread 3347" [_thread_blocked, id=19160, stack(0x0000000029860000,0x0000000029960000)]
  0x000000002f58d800 JavaThread "jar transforms Thread 3346" [_thread_blocked, id=21280, stack(0x0000000029760000,0x0000000029860000)]
  0x000000002f58c000 JavaThread "jar transforms Thread 3345" [_thread_blocked, id=12416, stack(0x0000000029660000,0x0000000029760000)]
  0x000000002f58b800 JavaThread "jar transforms Thread 3344" [_thread_blocked, id=5816, stack(0x0000000029560000,0x0000000029660000)]
  0x000000002f58a800 JavaThread "jar transforms Thread 3343" [_thread_blocked, id=18316, stack(0x0000000029460000,0x0000000029560000)]
  0x000000002f58d000 JavaThread "jar transforms Thread 3342" [_thread_blocked, id=8356, stack(0x0000000029360000,0x0000000029460000)]
  0x000000002f58a000 JavaThread "jar transforms Thread 3341" [_thread_blocked, id=20768, stack(0x0000000029260000,0x0000000029360000)]
  0x000000002f589000 JavaThread "jar transforms Thread 3340" [_thread_blocked, id=4456, stack(0x0000000029160000,0x0000000029260000)]
  0x000000002f581800 JavaThread "jar transforms Thread 3339" [_thread_blocked, id=15756, stack(0x0000000029060000,0x0000000029160000)]
  0x000000002f588800 JavaThread "jar transforms Thread 3338" [_thread_blocked, id=20956, stack(0x0000000028f60000,0x0000000029060000)]
  0x000000002f585800 JavaThread "jar transforms Thread 3337" [_thread_blocked, id=12648, stack(0x0000000028e60000,0x0000000028f60000)]
  0x000000002f587800 JavaThread "jar transforms Thread 3336" [_thread_blocked, id=18452, stack(0x0000000028d60000,0x0000000028e60000)]
  0x000000002f587000 JavaThread "jar transforms Thread 3335" [_thread_blocked, id=4004, stack(0x0000000028c60000,0x0000000028d60000)]
  0x000000002f586000 JavaThread "jar transforms Thread 3334" [_thread_blocked, id=17060, stack(0x0000000028b60000,0x0000000028c60000)]
  0x000000002f584800 JavaThread "jar transforms Thread 3333" [_thread_blocked, id=6112, stack(0x0000000028a60000,0x0000000028b60000)]
  0x000000002f57d000 JavaThread "jar transforms Thread 3332" [_thread_blocked, id=6172, stack(0x0000000028960000,0x0000000028a60000)]
  0x000000002f580000 JavaThread "jar transforms Thread 3331" [_thread_blocked, id=4980, stack(0x0000000028860000,0x0000000028960000)]
  0x000000002f582800 JavaThread "jar transforms Thread 3330" [_thread_blocked, id=11100, stack(0x0000000028760000,0x0000000028860000)]
  0x000000002f584000 JavaThread "jar transforms Thread 3329" [_thread_blocked, id=17620, stack(0x0000000028660000,0x0000000028760000)]
  0x000000002f583000 JavaThread "jar transforms Thread 3328" [_thread_blocked, id=11068, stack(0x0000000028560000,0x0000000028660000)]
  0x000000002f57f800 JavaThread "jar transforms Thread 3327" [_thread_blocked, id=13824, stack(0x0000000028460000,0x0000000028560000)]
  0x000000002f581000 JavaThread "jar transforms Thread 3326" [_thread_blocked, id=2916, stack(0x00000000272e0000,0x00000000273e0000)]
  0x000000002f57b800 JavaThread "jar transforms Thread 3325" [_thread_blocked, id=19580, stack(0x00000000261d0000,0x00000000262d0000)]
  0x000000002f57e000 JavaThread "jar transforms Thread 3324" [_thread_blocked, id=15176, stack(0x00000000260d0000,0x00000000261d0000)]
  0x000000002f57c800 JavaThread "jar transforms Thread 3323" [_thread_blocked, id=21080, stack(0x0000000025fd0000,0x00000000260d0000)]
  0x000000002f57a000 JavaThread "jar transforms Thread 3322" [_thread_blocked, id=17912, stack(0x00000000256b0000,0x00000000257b0000)]
  0x000000002f57e800 JavaThread "jar transforms Thread 3321" [_thread_blocked, id=18624, stack(0x0000000024db0000,0x0000000024eb0000)]
  0x000000002f57b000 JavaThread "jar transforms Thread 3320" [_thread_blocked, id=1216, stack(0x00000000248b0000,0x00000000249b0000)]
  0x000000002f572800 JavaThread "jar transforms Thread 3319" [_thread_blocked, id=18820, stack(0x00000000247b0000,0x00000000248b0000)]
  0x000000002f579800 JavaThread "jar transforms Thread 3318" [_thread_blocked, id=15152, stack(0x00000000246b0000,0x00000000247b0000)]
  0x000000002f572000 JavaThread "jar transforms Thread 3317" [_thread_blocked, id=19588, stack(0x00000000245b0000,0x00000000246b0000)]
  0x000000002f576800 JavaThread "jar transforms Thread 3316" [_thread_blocked, id=16076, stack(0x00000000244b0000,0x00000000245b0000)]
  0x000000002f575800 JavaThread "jar transforms Thread 3315" [_thread_blocked, id=11316, stack(0x00000000243b0000,0x00000000244b0000)]
  0x000000002f578800 JavaThread "jar transforms Thread 3314" [_thread_blocked, id=7080, stack(0x00000000242b0000,0x00000000243b0000)]
  0x000000002f573800 JavaThread "jar transforms Thread 3313" [_thread_blocked, id=6008, stack(0x00000000241b0000,0x00000000242b0000)]
  0x000000002f571000 JavaThread "Build operations Thread 12" [_thread_blocked, id=16080, stack(0x00000000240b0000,0x00000000241b0000)]
  0x000000002f578000 JavaThread "Build operations Thread 11" [_thread_blocked, id=1052, stack(0x0000000023fb0000,0x00000000240b0000)]
  0x000000002f577000 JavaThread "Build operations Thread 10" [_thread_blocked, id=21308, stack(0x0000000023eb0000,0x0000000023fb0000)]
  0x000000002f570800 JavaThread "Build operations Thread 9" [_thread_blocked, id=7516, stack(0x0000000023db0000,0x0000000023eb0000)]
  0x000000002f575000 JavaThread "Build operations Thread 8" [_thread_blocked, id=17980, stack(0x0000000023cb0000,0x0000000023db0000)]
  0x0000000027091000 JavaThread "Build operations Thread 7" [_thread_blocked, id=12664, stack(0x0000000023bb0000,0x0000000023cb0000)]
  0x0000000027090800 JavaThread "Build operations Thread 6" [_thread_blocked, id=9620, stack(0x0000000023ab0000,0x0000000023bb0000)]
  0x000000002708f000 JavaThread "Build operations Thread 5" [_thread_blocked, id=9804, stack(0x00000000239b0000,0x0000000023ab0000)]
  0x0000000027093800 JavaThread "Build operations Thread 4" [_thread_blocked, id=19572, stack(0x00000000238b0000,0x00000000239b0000)]
  0x0000000027092800 JavaThread "Build operations Thread 3" [_thread_blocked, id=19452, stack(0x00000000237b0000,0x00000000238b0000)]
  0x0000000027095800 JavaThread "Build operations Thread 2" [_thread_blocked, id=7548, stack(0x00000000236b0000,0x00000000237b0000)]
  0x0000000027095000 JavaThread "Build operations" [_thread_blocked, id=20788, stack(0x00000000235b0000,0x00000000236b0000)]
  0x0000000027088800 JavaThread "Cache worker for cache directory md-rule (C:\Users\DELL\.gradle\caches\6.5\md-rule)" [_thread_blocked, id=9012, stack(0x0000000022000000,0x0000000022100000)]
  0x000000002708f800 JavaThread "Cache worker for cache directory md-supplier (C:\Users\DELL\.gradle\caches\6.5\md-supplier)" [_thread_blocked, id=5464, stack(0x0000000020e70000,0x0000000020f70000)]
  0x000000002708b800 JavaThread "Cache worker for checksums cache (F:\MyApplication\CourseProject-backup2\.gradle\checksums)" [_thread_blocked, id=19552, stack(0x0000000020d70000,0x0000000020e70000)]
  0x000000002708e000 JavaThread "Cache worker for file hash cache (F:\MyApplication\CourseProject-backup2\.gradle\6.5\fileHashes)" [_thread_blocked, id=10552, stack(0x0000000020c70000,0x0000000020d70000)]
  0x0000000027087000 JavaThread "Thread-5007" [_thread_blocked, id=16980, stack(0x000000001f4a0000,0x000000001f5a0000)]
  0x000000002708b000 JavaThread "Stdin handler" [_thread_blocked, id=18112, stack(0x000000001f1a0000,0x000000001f2a0000)]
  0x000000002708c800 JavaThread "Asynchronous log dispatcher for DefaultDaemonConnection: socket connection from /127.0.0.1:62942 to /127.0.0.1:51346" [_thread_blocked, id=18572, stack(0x000000001f0a0000,0x000000001f1a0000)]
  0x0000000027086800 JavaThread "Daemon worker Thread 36" [_thread_blocked, id=15840, stack(0x000000001eda0000,0x000000001eea0000)]
  0x000000002708d000 JavaThread "Cancel handler" [_thread_blocked, id=8468, stack(0x000000001eba0000,0x000000001eca0000)]
  0x000000002708a000 JavaThread "Handler for socket connection from /127.0.0.1:62942 to /127.0.0.1:51346" [_thread_in_native, id=1680, stack(0x000000001e760000,0x000000001e860000)]
  0x0000000027088000 JavaThread "Daemon Thread 36" [_thread_blocked, id=20072, stack(0x000000001e660000,0x000000001e760000)]
  0x0000000020c3e800 JavaThread "Cache worker for Java compile cache (C:\Users\DELL\.gradle\caches\6.5\javaCompile)" [_thread_blocked, id=19048, stack(0x00000000356d0000,0x00000000357d0000)]
  0x000000001ca9a000 JavaThread "Memory manager" [_thread_blocked, id=17000, stack(0x000000002ef40000,0x000000002f040000)]
  0x000000001daf3000 JavaThread "Cache worker for file content cache (C:\Users\DELL\.gradle\caches\6.5\fileContent)" [_thread_blocked, id=15972, stack(0x00000000255b0000,0x00000000256b0000)]
  0x000000001daf2000 JavaThread "Cache worker for execution history cache (C:\Users\DELL\.gradle\caches\6.5\executionHistory)" [_thread_blocked, id=10276, stack(0x00000000250b0000,0x00000000251b0000)]
  0x000000001d3de000 JavaThread "Cache worker for file hash cache (C:\Users\DELL\.gradle\caches\6.5\fileHashes)" [_thread_blocked, id=16408, stack(0x000000001f9a0000,0x000000001faa0000)]
  0x000000001d3df800 JavaThread "File lock request listener" [_thread_in_native, id=4852, stack(0x000000001f8a0000,0x000000001f9a0000)]
  0x000000001d618800 JavaThread "Cache worker for journal cache (C:\Users\DELL\.gradle\caches\journal-1)" [_thread_blocked, id=10476, stack(0x000000001f7a0000,0x000000001f8a0000)]
  0x000000001d442800 JavaThread "Daemon periodic checks" [_thread_blocked, id=9276, stack(0x000000001eaa0000,0x000000001eba0000)]
  0x000000001d42b800 JavaThread "Incoming local TCP Connector on port 62942" [_thread_in_native, id=19144, stack(0x000000001e860000,0x000000001e960000)]
  0x000000001b8ec000 JavaThread "Daemon health stats" [_thread_blocked, id=6684, stack(0x000000001e220000,0x000000001e320000)]
  0x0000000019cda800 JavaThread "Service Thread" daemon [_thread_blocked, id=1496, stack(0x000000001b680000,0x000000001b780000)]
  0x0000000019c48000 JavaThread "C1 CompilerThread3" daemon [_thread_blocked, id=17728, stack(0x000000001b580000,0x000000001b680000)]
=>0x000000001855e000 JavaThread "C2 CompilerThread2" daemon [_thread_in_native, id=15824, stack(0x000000001b480000,0x000000001b580000)]
  0x000000001855d000 JavaThread "C2 CompilerThread1" daemon [_thread_blocked, id=17180, stack(0x000000001b380000,0x000000001b480000)]
  0x0000000019c3f800 JavaThread "C2 CompilerThread0" daemon [_thread_blocked, id=11428, stack(0x000000001b280000,0x000000001b380000)]
  0x0000000019c3c800 JavaThread "Attach Listener" daemon [_thread_blocked, id=16288, stack(0x000000001b180000,0x000000001b280000)]
  0x0000000019c3b800 JavaThread "Signal Dispatcher" daemon [_thread_blocked, id=3592, stack(0x000000001b080000,0x000000001b180000)]
  0x0000000018552800 JavaThread "Finalizer" daemon [_thread_blocked, id=15460, stack(0x000000001ae80000,0x000000001af80000)]
  0x0000000019c23000 JavaThread "Reference Handler" daemon [_thread_blocked, id=5260, stack(0x000000001ad80000,0x000000001ae80000)]
  0x00000000030dd800 JavaThread "main" [_thread_blocked, id=9992, stack(0x00000000030e0000,0x00000000031e0000)]

Other Threads:
  0x0000000019c02800 VMThread [stack: 0x000000001ac80000,0x000000001ad80000] [id=20920]
  0x0000000019cdb800 WatcherThread [stack: 0x000000001b780000,0x000000001b880000] [id=10048]

VM state:not at safepoint (normal execution)

VM Mutex/Monitor currently owned by a thread: None

heap address: 0x0000000080000000, size: 2048 MB, Compressed Oops mode: 32-bit
Narrow klass base: 0x0000000000000000, Narrow klass shift: 3
Compressed class space size: 1073741824 Address: 0x0000000100000000

Heap:
 PSYoungGen      total 303104K, used 174357K [0x00000000d5580000, 0x00000000ec580000, 0x0000000100000000)
  eden space 254464K, 49% used [0x00000000d5580000,0x00000000dd047620,0x00000000e4e00000)
  from space 48640K, 99% used [0x00000000e9600000,0x00000000ec57ddf8,0x00000000ec580000)
  to   space 48640K, 0% used [0x00000000e4e00000,0x00000000e4e00000,0x00000000e7d80000)
 ParOldGen       total 363520K, used 293249K [0x0000000080000000, 0x0000000096300000, 0x00000000d5580000)
  object space 363520K, 80% used [0x0000000080000000,0x0000000091e607a8,0x0000000096300000)
 Metaspace       used 124745K, capacity 134220K, committed 134360K, reserved 1167360K
  class space    used 15673K, capacity 17340K, committed 17408K, reserved 1048576K

Card table byte_map: [0x00000000126a0000,0x0000000012ab0000] byte_map_base: 0x00000000122a0000

Marking Bits: (ParMarkBitMap*) 0x0000000052cef030
 Begin Bits: [0x0000000013760000, 0x0000000015760000)
 End Bits:   [0x0000000015760000, 0x0000000017760000)

Polling page: 0x0000000001770000

CodeCache: size=245760Kb used=105519Kb max_used=105528Kb free=140240Kb
 bounds [0x00000000032e0000, 0x0000000009aa0000, 0x00000000122e0000]
 total_blobs=28377 nmethods=27416 adapters=869
 compilation: enabled

Compilation events (10 events):
Event: 39675.822 Thread 0x0000000019c48000 38272       1       com.android.tools.r8.code.L3::a (1 bytes)
Event: 39675.822 Thread 0x0000000019c48000 nmethod 38272 0x0000000009a3b850 code [0x0000000009a3b9a0, 0x0000000009a3bab0]
Event: 39675.823 Thread 0x000000001855d000 38273       4       java.util.stream.SpinedBuffer::capacity (38 bytes)
Event: 39675.825 Thread 0x000000001855d000 nmethod 38273 0x000000000943e310 code [0x000000000943e460, 0x000000000943e578]
Event: 39675.854 Thread 0x0000000019c48000 38274       3       com.android.tools.r8.code.M3::a (1 bytes)
Event: 39675.855 Thread 0x0000000019c48000 nmethod 38274 0x00000000094421d0 code [0x0000000009442320, 0x0000000009442470]
Event: 39675.858 Thread 0x0000000019c48000 38275       1       com.android.tools.r8.code.N::a (1 bytes)
Event: 39675.858 Thread 0x0000000019c48000 nmethod 38275 0x0000000009441f10 code [0x0000000009442060, 0x0000000009442170]
Event: 39675.858 Thread 0x0000000019c3f800 38276       4       com.android.tools.r8.dex.P$g::getRenamedDescriptor (9 bytes)
Event: 39675.859 Thread 0x0000000019c3f800 nmethod 38276 0x0000000009441c10 code [0x0000000009441d60, 0x0000000009441e18]

GC Heap History (10 events):
Event: 39672.084 GC heap before
{Heap before GC invocations=59 (full 5):
 PSYoungGen      total 262144K, used 261878K [0x00000000d5580000, 0x00000000e9800000, 0x0000000100000000)
  eden space 232960K, 100% used [0x00000000d5580000,0x00000000e3900000,0x00000000e3900000)
  from space 29184K, 99% used [0x00000000e4080000,0x00000000e5cbda90,0x00000000e5d00000)
  to   space 48640K, 0% used [0x00000000e6880000,0x00000000e6880000,0x00000000e9800000)
 ParOldGen       total 363520K, used 214245K [0x0000000080000000, 0x0000000096300000, 0x00000000d5580000)
  object space 363520K, 58% used [0x0000000080000000,0x000000008d1395b0,0x0000000096300000)
 Metaspace       used 124560K, capacity 134080K, committed 134360K, reserved 1167360K
  class space    used 15669K, capacity 17340K, committed 17408K, reserved 1048576K
Event: 39672.113 GC heap after
Heap after GC invocations=59 (full 5):
 PSYoungGen      total 279040K, used 39662K [0x00000000d5580000, 0x00000000eae00000, 0x0000000100000000)
  eden space 230400K, 0% used [0x00000000d5580000,0x00000000d5580000,0x00000000e3680000)
  from space 48640K, 81% used [0x00000000e6880000,0x00000000e8f3bb68,0x00000000e9800000)
  to   space 51200K, 0% used [0x00000000e3680000,0x00000000e3680000,0x00000000e6880000)
 ParOldGen       total 363520K, used 214293K [0x0000000080000000, 0x0000000096300000, 0x00000000d5580000)
  object space 363520K, 58% used [0x0000000080000000,0x000000008d1455b0,0x0000000096300000)
 Metaspace       used 124560K, capacity 134080K, committed 134360K, reserved 1167360K
  class space    used 15669K, capacity 17340K, committed 17408K, reserved 1048576K
}
Event: 39672.436 GC heap before
{Heap before GC invocations=60 (full 5):
 PSYoungGen      total 279040K, used 270062K [0x00000000d5580000, 0x00000000eae00000, 0x0000000100000000)
  eden space 230400K, 100% used [0x00000000d5580000,0x00000000e3680000,0x00000000e3680000)
  from space 48640K, 81% used [0x00000000e6880000,0x00000000e8f3bb68,0x00000000e9800000)
  to   space 51200K, 0% used [0x00000000e3680000,0x00000000e3680000,0x00000000e6880000)
 ParOldGen       total 363520K, used 214293K [0x0000000080000000, 0x0000000096300000, 0x00000000d5580000)
  object space 363520K, 58% used [0x0000000080000000,0x000000008d1455b0,0x0000000096300000)
 Metaspace       used 124579K, capacity 134084K, committed 134360K, reserved 1167360K
  class space    used 15669K, capacity 17340K, committed 17408K, reserved 1048576K
Event: 39672.454 GC heap after
Heap after GC invocations=60 (full 5):
 PSYoungGen      total 281600K, used 32565K [0x00000000d5580000, 0x00000000eae80000, 0x0000000100000000)
  eden space 230400K, 0% used [0x00000000d5580000,0x00000000d5580000,0x00000000e3680000)
  from space 51200K, 63% used [0x00000000e3680000,0x00000000e564d770,0x00000000e6880000)
  to   space 50176K, 0% used [0x00000000e7d80000,0x00000000e7d80000,0x00000000eae80000)
 ParOldGen       total 363520K, used 214365K [0x0000000080000000, 0x0000000096300000, 0x00000000d5580000)
  object space 363520K, 58% used [0x0000000080000000,0x000000008d1575b0,0x0000000096300000)
 Metaspace       used 124579K, capacity 134084K, committed 134360K, reserved 1167360K
  class space    used 15669K, capacity 17340K, committed 17408K, reserved 1048576K
}
Event: 39672.847 GC heap before
{Heap before GC invocations=61 (full 5):
 PSYoungGen      total 281600K, used 262965K [0x00000000d5580000, 0x00000000eae80000, 0x0000000100000000)
  eden space 230400K, 100% used [0x00000000d5580000,0x00000000e3680000,0x00000000e3680000)
  from space 51200K, 63% used [0x00000000e3680000,0x00000000e564d770,0x00000000e6880000)
  to   space 50176K, 0% used [0x00000000e7d80000,0x00000000e7d80000,0x00000000eae80000)
 ParOldGen       total 363520K, used 214365K [0x0000000080000000, 0x0000000096300000, 0x00000000d5580000)
  object space 363520K, 58% used [0x0000000080000000,0x000000008d1575b0,0x0000000096300000)
 Metaspace       used 124650K, capacity 134156K, committed 134360K, reserved 1167360K
  class space    used 15669K, capacity 17340K, committed 17408K, reserved 1048576K
Event: 39672.863 GC heap after
Heap after GC invocations=61 (full 5):
 PSYoungGen      total 303616K, used 26503K [0x00000000d5580000, 0x00000000ead80000, 0x0000000100000000)
  eden space 254464K, 0% used [0x00000000d5580000,0x00000000d5580000,0x00000000e4e00000)
  from space 49152K, 53% used [0x00000000e7d80000,0x00000000e9761c88,0x00000000ead80000)
  to   space 48640K, 0% used [0x00000000e4e00000,0x00000000e4e00000,0x00000000e7d80000)
 ParOldGen       total 363520K, used 215670K [0x0000000080000000, 0x0000000096300000, 0x00000000d5580000)
  object space 363520K, 59% used [0x0000000080000000,0x000000008d29db20,0x0000000096300000)
 Metaspace       used 124650K, capacity 134156K, committed 134360K, reserved 1167360K
  class space    used 15669K, capacity 17340K, committed 17408K, reserved 1048576K
}
Event: 39673.593 GC heap before
{Heap before GC invocations=62 (full 5):
 PSYoungGen      total 303616K, used 280965K [0x00000000d5580000, 0x00000000ead80000, 0x0000000100000000)
  eden space 254464K, 99% used [0x00000000d5580000,0x00000000e4dff9f8,0x00000000e4e00000)
  from space 49152K, 53% used [0x00000000e7d80000,0x00000000e9761c88,0x00000000ead80000)
  to   space 48640K, 0% used [0x00000000e4e00000,0x00000000e4e00000,0x00000000e7d80000)
 ParOldGen       total 363520K, used 215670K [0x0000000080000000, 0x0000000096300000, 0x00000000d5580000)
  object space 363520K, 59% used [0x0000000080000000,0x000000008d29db20,0x0000000096300000)
 Metaspace       used 124691K, capacity 134156K, committed 134360K, reserved 1167360K
  class space    used 15673K, capacity 17340K, committed 17408K, reserved 1048576K
Event: 39673.612 GC heap after
Heap after GC invocations=62 (full 5):
 PSYoungGen      total 303104K, used 19262K [0x00000000d5580000, 0x00000000ec580000, 0x0000000100000000)
  eden space 254464K, 0% used [0x00000000d5580000,0x00000000d5580000,0x00000000e4e00000)
  from space 48640K, 39% used [0x00000000e4e00000,0x00000000e60cf8e8,0x00000000e7d80000)
  to   space 48640K, 0% used [0x00000000e9600000,0x00000000e9600000,0x00000000ec580000)
 ParOldGen       total 363520K, used 225664K [0x0000000080000000, 0x0000000096300000, 0x00000000d5580000)
  object space 363520K, 62% used [0x0000000080000000,0x000000008dc60068,0x0000000096300000)
 Metaspace       used 124691K, capacity 134156K, committed 134360K, reserved 1167360K
  class space    used 15673K, capacity 17340K, committed 17408K, reserved 1048576K
}
Event: 39674.758 GC heap before
{Heap before GC invocations=63 (full 5):
 PSYoungGen      total 303104K, used 273726K [0x00000000d5580000, 0x00000000ec580000, 0x0000000100000000)
  eden space 254464K, 100% used [0x00000000d5580000,0x00000000e4e00000,0x00000000e4e00000)
  from space 48640K, 39% used [0x00000000e4e00000,0x00000000e60cf8e8,0x00000000e7d80000)
  to   space 48640K, 0% used [0x00000000e9600000,0x00000000e9600000,0x00000000ec580000)
 ParOldGen       total 363520K, used 225664K [0x0000000080000000, 0x0000000096300000, 0x00000000d5580000)
  object space 363520K, 62% used [0x0000000080000000,0x000000008dc60068,0x0000000096300000)
 Metaspace       used 124738K, capacity 134220K, committed 134360K, reserved 1167360K
  class space    used 15673K, capacity 17340K, committed 17408K, reserved 1048576K
Event: 39675.225 GC heap after
Heap after GC invocations=63 (full 5):
 PSYoungGen      total 303104K, used 48631K [0x00000000d5580000, 0x00000000ec580000, 0x0000000100000000)
  eden space 254464K, 0% used [0x00000000d5580000,0x00000000d5580000,0x00000000e4e00000)
  from space 48640K, 99% used [0x00000000e9600000,0x00000000ec57ddf8,0x00000000ec580000)
  to   space 48640K, 0% used [0x00000000e4e00000,0x00000000e4e00000,0x00000000e7d80000)
 ParOldGen       total 363520K, used 293249K [0x0000000080000000, 0x0000000096300000, 0x00000000d5580000)
  object space 363520K, 80% used [0x0000000080000000,0x0000000091e607a8,0x0000000096300000)
 Metaspace       used 124738K, capacity 134220K, committed 134360K, reserved 1167360K
  class space    used 15673K, capacity 17340K, committed 17408K, reserved 1048576K
}

Deoptimization events (10 events):
Event: 39672.671 Thread 0x0000000027090800 Uncommon trap: reason=unstable_if action=reinterpret pc=0x00000000054f7de4 method=com.android.tools.r8.ir.regalloc.b.x()Z @ 41
Event: 39673.148 Thread 0x0000000020b7c800 Uncommon trap: reason=unstable_if action=reinterpret pc=0x0000000009694f68 method=com.android.tools.r8.graph.i0.a(ILjava/lang/String;)Z @ 7
Event: 39673.177 Thread 0x0000000020b7e000 Uncommon trap: reason=array_check action=maybe_recompile pc=0x00000000095e6a88 method=java.util.TimSort.mergeLo(IIII)V @ 212
Event: 39673.177 Thread 0x0000000020b7e000 Uncommon trap: reason=array_check action=maybe_recompile pc=0x00000000095e6a88 method=java.util.TimSort.mergeLo(IIII)V @ 212
Event: 39673.177 Thread 0x0000000020b7e000 Uncommon trap: reason=array_check action=maybe_recompile pc=0x00000000095e4300 method=java.util.TimSort.mergeHi(IIII)V @ 250
Event: 39673.178 Thread 0x0000000020b7e000 Uncommon trap: reason=array_check action=maybe_recompile pc=0x00000000095e4300 method=java.util.TimSort.mergeHi(IIII)V @ 250
Event: 39674.724 Thread 0x000000001caa1000 Uncommon trap: reason=unstable_if action=reinterpret pc=0x00000000075e22b4 method=com.android.tools.r8.dex.n.i()Lcom/android/tools/r8/graph/l0; @ 27
Event: 39675.460 Thread 0x00000000271d5000 Uncommon trap: reason=unstable_if action=reinterpret pc=0x000000000763bdac method=java.util.concurrent.ForkJoinPool.externalPush(Ljava/util/concurrent/ForkJoinTask;)V @ 103
Event: 39675.576 Thread 0x00000000271d5000 Uncommon trap: reason=unstable_if action=reinterpret pc=0x000000000665f50c method=com.android.tools.r8.dex.B.a(Lcom/android/tools/r8/graph/i0;)Lcom/android/tools/r8/dex/B; @ 72
Event: 39675.586 Thread 0x00000000271d5000 Uncommon trap: reason=unstable_if action=reinterpret pc=0x00000000065809e8 method=com.android.tools.r8.q.a.b.l.d.a(Ljava/lang/Object;Z)Lcom/android/tools/r8/q/a/b/l/f; @ 124

Classes redefined (0 events):
No events

Internal exceptions (10 events):
Event: 39673.448 Thread 0x00000000271d4000 Exception <a 'sun/nio/fs/WindowsException'> (0x00000000e4a30580) thrown at [C:\src\AOSP-openjdk-git\hotspot\src\share\vm\prims\jni.cpp, line 710]
Event: 39673.450 Thread 0x00000000271d4000 Exception <a 'sun/nio/fs/WindowsException'> (0x00000000e4a78208) thrown at [C:\src\AOSP-openjdk-git\hotspot\src\share\vm\prims\jni.cpp, line 710]
Event: 39673.451 Thread 0x00000000271d4000 Exception <a 'sun/nio/fs/WindowsException'> (0x00000000e4abfc78) thrown at [C:\src\AOSP-openjdk-git\hotspot\src\share\vm\prims\jni.cpp, line 710]
Event: 39673.452 Thread 0x00000000271d4000 Exception <a 'sun/nio/fs/WindowsException'> (0x00000000e4ac84a0) thrown at [C:\src\AOSP-openjdk-git\hotspot\src\share\vm\prims\jni.cpp, line 710]
Event: 39673.454 Thread 0x00000000271d4000 Exception <a 'sun/nio/fs/WindowsException'> (0x00000000e4acfdc8) thrown at [C:\src\AOSP-openjdk-git\hotspot\src\share\vm\prims\jni.cpp, line 710]
Event: 39673.455 Thread 0x00000000271d4000 Exception <a 'sun/nio/fs/WindowsException'> (0x00000000e4ba0000) thrown at [C:\src\AOSP-openjdk-git\hotspot\src\share\vm\prims\jni.cpp, line 710]
Event: 39673.457 Thread 0x00000000271d4000 Exception <a 'sun/nio/fs/WindowsException'> (0x00000000e4be7f40) thrown at [C:\src\AOSP-openjdk-git\hotspot\src\share\vm\prims\jni.cpp, line 710]
Event: 39673.841 Thread 0x0000000020b74000 Exception <a 'sun/nio/fs/WindowsException'> (0x00000000d62c79f0) thrown at [C:\src\AOSP-openjdk-git\hotspot\src\share\vm\prims\jni.cpp, line 710]
Event: 39674.069 Thread 0x000000001ca98800 Exception <a 'sun/nio/fs/WindowsException'> (0x00000000d94ccfc0) thrown at [C:\src\AOSP-openjdk-git\hotspot\src\share\vm\prims\jni.cpp, line 710]
Event: 39674.459 Thread 0x00000000271d5000 Exception <a 'sun/nio/fs/WindowsException'> (0x00000000d9996708) thrown at [C:\src\AOSP-openjdk-git\hotspot\src\share\vm\prims\jni.cpp, line 710]

Events (10 events):
Event: 39675.575 Thread 0x00000000271d5000 Uncommon trap: trap_request=0xffffff65 fr.pc=0x000000000665f50c
Event: 39675.575 Executing VM operation: RevokeBias
Event: 39675.576 Executing VM operation: RevokeBias done
Event: 39675.576 Thread 0x00000000271d5000 DEOPT PACKING pc=0x000000000665f50c sp=0x000000003276e120
Event: 39675.576 Thread 0x00000000271d5000 DEOPT UNPACKING pc=0x000000000332557b sp=0x000000003276e0b0 mode 2
Event: 39675.586 Thread 0x00000000271d5000 Uncommon trap: trap_request=0xffffff65 fr.pc=0x00000000065809e8
Event: 39675.586 Thread 0x00000000271d5000 DEOPT PACKING pc=0x00000000065809e8 sp=0x000000003276df30
Event: 39675.586 Thread 0x00000000271d5000 DEOPT UNPACKING pc=0x000000000332557b sp=0x000000003276ded0 mode 2
Event: 39675.629 Thread 0x0000000019c48000 flushing nmethod 0x000000000943e210
Event: 39675.629 Thread 0x0000000019c48000 flushing nmethod 0x00000000094412d0


Dynamic libraries:
0x00007ff778d00000 - 0x00007ff778d31000 	F:\Android\jre\bin\java.exe
0x00007ffd91310000 - 0x00007ffd91505000 	C:\WINDOWS\SYSTEM32\ntdll.dll
0x00007ffd906b0000 - 0x00007ffd9076d000 	C:\WINDOWS\System32\KERNEL32.DLL
0x00007ffd8ed90000 - 0x00007ffd8f058000 	C:\WINDOWS\System32\KERNELBASE.dll
0x00007ffd903b0000 - 0x00007ffd9045c000 	C:\WINDOWS\System32\ADVAPI32.dll
0x00007ffd8f450000 - 0x00007ffd8f4ee000 	C:\WINDOWS\System32\msvcrt.dll
0x00007ffd91230000 - 0x00007ffd912cb000 	C:\WINDOWS\System32\sechost.dll
0x00007ffd90460000 - 0x00007ffd9058b000 	C:\WINDOWS\System32\RPCRT4.dll
0x00007ffd8f570000 - 0x00007ffd8f710000 	C:\WINDOWS\System32\USER32.dll
0x00007ffd8f340000 - 0x00007ffd8f362000 	C:\WINDOWS\System32\win32u.dll
0x00007ffd908e0000 - 0x00007ffd9090a000 	C:\WINDOWS\System32\GDI32.dll
0x00007ffd8ea50000 - 0x00007ffd8eb5b000 	C:\WINDOWS\System32\gdi32full.dll
0x00007ffd8eb90000 - 0x00007ffd8ec2d000 	C:\WINDOWS\System32\msvcp_win.dll
0x00007ffd8f240000 - 0x00007ffd8f340000 	C:\WINDOWS\System32\ucrtbase.dll
0x00007ffd79630000 - 0x00007ffd798ca000 	C:\WINDOWS\WinSxS\amd64_microsoft.windows.common-controls_6595b64144ccf1df_6.0.19041.844_none_ca00b6081b84eb1d\COMCTL32.dll
0x00007ffd90820000 - 0x00007ffd90850000 	C:\WINDOWS\System32\IMM32.DLL
0x0000000053620000 - 0x00000000536f2000 	F:\Android\jre\jre\bin\msvcr100.dll
0x0000000052520000 - 0x0000000052d6b000 	F:\Android\jre\jre\bin\server\jvm.dll
0x00007ffd91220000 - 0x00007ffd91228000 	C:\WINDOWS\System32\PSAPI.DLL
0x00007ffd70eb0000 - 0x00007ffd70eb9000 	C:\WINDOWS\SYSTEM32\WSOCK32.dll
0x00007ffd87810000 - 0x00007ffd8781a000 	C:\WINDOWS\SYSTEM32\VERSION.dll
0x00007ffd79a80000 - 0x00007ffd79aa7000 	C:\WINDOWS\SYSTEM32\WINMM.dll
0x00007ffd8ff80000 - 0x00007ffd8ffeb000 	C:\WINDOWS\System32\WS2_32.dll
0x00007ffd89c90000 - 0x00007ffd89c9f000 	F:\Android\jre\jre\bin\verify.dll
0x00007ffd86540000 - 0x00007ffd86569000 	F:\Android\jre\jre\bin\java.dll
0x00007ffd863e0000 - 0x00007ffd863f6000 	F:\Android\jre\jre\bin\zip.dll
0x00007ffd90ad0000 - 0x00007ffd91212000 	C:\WINDOWS\System32\SHELL32.dll
0x00007ffd8c7e0000 - 0x00007ffd8cf71000 	C:\WINDOWS\SYSTEM32\windows.storage.dll
0x00007ffd8fff0000 - 0x00007ffd90345000 	C:\WINDOWS\System32\combase.dll
0x00007ffd8e4c0000 - 0x00007ffd8e4ec000 	C:\WINDOWS\SYSTEM32\Wldp.dll
0x00007ffd90590000 - 0x00007ffd9063e000 	C:\WINDOWS\System32\SHCORE.dll
0x00007ffd90910000 - 0x00007ffd90965000 	C:\WINDOWS\System32\shlwapi.dll
0x00007ffd8e990000 - 0x00007ffd8e9af000 	C:\WINDOWS\SYSTEM32\profapi.dll
0x00007ffd7cf70000 - 0x00007ffd7cf8a000 	F:\Android\jre\jre\bin\net.dll
0x00007ffd8e230000 - 0x00007ffd8e29a000 	C:\WINDOWS\system32\mswsock.dll
0x00007ffd7cdc0000 - 0x00007ffd7cdd3000 	F:\Android\jre\jre\bin\nio.dll
0x00007ffd7c040000 - 0x00007ffd7c067000 	C:\Users\DELL\.gradle\native\f6784746aeab05261644944871eae4fe03e0ef1612fff0a4a95f87b438bc6780\windows-amd64\native-platform.dll
0x00007ffd89c70000 - 0x00007ffd89c7d000 	F:\Android\jre\jre\bin\management.dll
0x00007ffd8e400000 - 0x00007ffd8e418000 	C:\WINDOWS\SYSTEM32\CRYPTSP.dll
0x00007ffd8db60000 - 0x00007ffd8db94000 	C:\WINDOWS\system32\rsaenh.dll
0x00007ffd8eb60000 - 0x00007ffd8eb87000 	C:\WINDOWS\System32\bcrypt.dll
0x00007ffd8e950000 - 0x00007ffd8e97e000 	C:\WINDOWS\SYSTEM32\USERENV.dll
0x00007ffd8f1c0000 - 0x00007ffd8f240000 	C:\WINDOWS\System32\bcryptprimitives.dll
0x00007ffd8e420000 - 0x00007ffd8e42c000 	C:\WINDOWS\SYSTEM32\CRYPTBASE.dll
0x00007ffd8ded0000 - 0x00007ffd8df0b000 	C:\WINDOWS\SYSTEM32\IPHLPAPI.DLL
0x00007ffd906a0000 - 0x00007ffd906a8000 	C:\WINDOWS\System32\NSI.dll
0x00007ffd85520000 - 0x00007ffd85537000 	C:\WINDOWS\SYSTEM32\dhcpcsvc6.DLL
0x00007ffd85c50000 - 0x00007ffd85c6d000 	C:\WINDOWS\SYSTEM32\dhcpcsvc.DLL
0x00007ffd8df20000 - 0x00007ffd8dfec000 	C:\WINDOWS\SYSTEM32\DNSAPI.dll
0x00007ffd86040000 - 0x00007ffd8604b000 	C:\WINDOWS\SYSTEM32\WINNSI.DLL
0x00007ffd7bf50000 - 0x00007ffd7bf74000 	F:\Android\jre\jre\bin\sunec.dll
0x00007ffd86020000 - 0x00007ffd8602a000 	C:\Windows\System32\rasadhlp.dll
0x00007ffd7d230000 - 0x00007ffd7d2af000 	C:\WINDOWS\System32\fwpuclnt.dll
0x00007ffd886c0000 - 0x00007ffd886cb000 	F:\Android\jre\jre\bin\sunmscapi.dll
0x00007ffd8ec30000 - 0x00007ffd8ed8f000 	C:\WINDOWS\System32\CRYPT32.dll
0x00007ffd8d8b0000 - 0x00007ffd8d8e3000 	C:\WINDOWS\SYSTEM32\ntmarta.dll

VM Arguments:
jvm_args: -Xmx2048m -Dfile.encoding=UTF-8 -Duser.country=IN -Duser.language=en -Duser.variant 
java_command: org.gradle.launcher.daemon.bootstrap.GradleDaemon 6.5
java_class_path (initial): C:\Users\DELL\.gradle\wrapper\dists\gradle-6.5-bin\6nifqtx7604sqp1q6g8wikw7p\gradle-6.5\lib\gradle-launcher-6.5.jar
Launcher Type: SUN_STANDARD

Environment Variables:
PATH=C:\Program Files\Common Files\Oracle\Java\javapath;C:\Program Files\Intel\Intel(R) Management Engine Components\iCLS\;C:\Windows\system32;C:\Windows;C:\Windows\System32\Wbem;C:\Windows\System32\WindowsPowerShell\v1.0\;C:\Windows\System32\OpenSSH\;C:\Program Files (x86)\NVIDIA Corporation\PhysX\Common;C:\Program Files\Intel\WiFi\bin\;C:\Program Files\Common Files\Intel\WirelessCommon\;C:\Program Files\MiKTeX 2.9\miktex\bin\x64\;C:\WINDOWS\system32;C:\WINDOWS;C:\WINDOWS\System32\Wbem;C:\WINDOWS\System32\WindowsPowerShell\v1.0\;C:\WINDOWS\System32\OpenSSH\;C:\Program Files\MATLAB\R2019a\runtime\win64;C:\Program Files\MATLAB\R2019a\bin;C:\xampp\mysql;C:\xampp\php;C:\ProgramData\ComposerSetup\bin;C:\Program Files (x86)\Intel\Intel(R) Management Engine Components\DAL;C:\Program Files\Intel\Intel(R) Management Engine Components\DAL;D:\NodeJs\;D:\java\bin;F:\AndroidSDK;C:\Users\DELL\AppData\Local\Microsoft\WindowsApps;C:\Users\DELL\AppData\Local\Programs\Microsoft VS Code\bin;C:\xampp\mysql\bin;C:\Users\DELL\AppData\Roaming\Composer\vendor\bin;C:\Users\DELL\AppData\Roaming\npm
USERNAME=DELL
OS=Windows_NT
PROCESSOR_IDENTIFIER=Intel64 Family 6 Model 158 Stepping 10, GenuineIntel



---------------  S Y S T E M  ---------------

OS: Windows 10.0 , 64 bit Build 19041 (10.0.19041.928)

CPU:total 12 (initial active 12) (6 cores per cpu, 2 threads per core) family 6 model 158 stepping 10, cmov, cx8, fxsr, mmx, sse, sse2, sse3, ssse3, sse4.1, sse4.2, popcnt, avx, avx2, aes, clmul, erms, 3dnowpref, lzcnt, ht, tsc, tscinvbit, bmi1, bmi2, adx

Memory: 4k page, physical 8244792k(452820k free), swap 15412792k(0k free)

vm_info: OpenJDK 64-Bit Server VM (25.242-b01) for windows-amd64 JRE (1.8.0_242-release-1644-b01), built by "builder" with MS VC++ 10.0 (VS2010)

time: Thu May 13 03:32:01 2021
timezone: India Standard Time
elapsed time: 39675 seconds (0d 11h 1m 15s)

